{"uuid":"029c0e8f-ddf5-402e-85e9-cab6feb0725b","historyId":"8a9c7ad7c62617b75e84eb341ab9108c","fullName":"test.computer.BuyingStandardComputerTest.testStandardBuying","labels":[{"name":"package","value":"test.computer.BuyingStandardComputerTest"},{"name":"testClass","value":"test.computer.BuyingStandardComputerTest"},{"name":"testMethod","value":"testStandardBuying"},{"name":"parentSuite","value":"Default Suite"},{"name":"suite","value":"sdetpro-selenium-k10-webautomation"},{"name":"subSuite","value":"test.computer.BuyingStandardComputerTest"},{"name":"host","value":"MSI"},{"name":"thread","value":"14760@MSI.main(1)"},{"name":"framework","value":"testng"},{"name":"language","value":"java"}],"links":[],"name":"testStandardBuying","status":"skipped","statusDetails":{"known":false,"muted":false,"flaky":false,"message":"java.lang.RuntimeException: [ERR] Error while reading the file D:\\source\\sdetpro-selenium-k10-webautomation/src/test/java/test_data/computer/StandardComputerDataList.json","trace":"java.lang.RuntimeException: java.lang.RuntimeException: [ERR] Error while reading the file D:\\source\\sdetpro-selenium-k10-webautomation/src/test/java/test_data/computer/StandardComputerDataList.json\r\n\tat org.testng.internal.invokers.MethodInvocationHelper.invokeMethodNoCheckedException(MethodInvocationHelper.java:53)\r\n\tat org.testng.internal.invokers.MethodInvocationHelper.invokeDataProvider(MethodInvocationHelper.java:153)\r\n\tat org.testng.internal.Parameters.handleParameters(Parameters.java:767)\r\n\tat org.testng.internal.Parameters.handleParameters(Parameters.java:704)\r\n\tat org.testng.internal.invokers.ParameterHandler.handleParameters(ParameterHandler.java:70)\r\n\tat org.testng.internal.invokers.ParameterHandler.createParameters(ParameterHandler.java:49)\r\n\tat org.testng.internal.invokers.TestInvoker$MethodInvocationAgent.invoke(TestInvoker.java:904)\r\n\tat org.testng.internal.invokers.TestInvoker.invokeTestMethods(TestInvoker.java:193)\r\n\tat org.testng.internal.invokers.TestMethodWorker.invokeTestMethods(TestMethodWorker.java:146)\r\n\tat org.testng.internal.invokers.TestMethodWorker.run(TestMethodWorker.java:128)\r\n\tat java.base/java.util.ArrayList.forEach(ArrayList.java:1511)\r\n\tat org.testng.TestRunner.privateRun(TestRunner.java:808)\r\n\tat org.testng.TestRunner.run(TestRunner.java:603)\r\n\tat org.testng.SuiteRunner.runTest(SuiteRunner.java:429)\r\n\tat org.testng.SuiteRunner.runSequentially(SuiteRunner.java:423)\r\n\tat org.testng.SuiteRunner.privateRun(SuiteRunner.java:383)\r\n\tat org.testng.SuiteRunner.run(SuiteRunner.java:326)\r\n\tat org.testng.SuiteRunnerWorker.runSuite(SuiteRunnerWorker.java:52)\r\n\tat org.testng.SuiteRunnerWorker.run(SuiteRunnerWorker.java:95)\r\n\tat org.testng.TestNG.runSuitesSequentially(TestNG.java:1249)\r\n\tat org.testng.TestNG.runSuitesLocally(TestNG.java:1169)\r\n\tat org.testng.TestNG.runSuites(TestNG.java:1092)\r\n\tat org.testng.TestNG.run(TestNG.java:1060)\r\n\tat com.intellij.rt.testng.IDEARemoteTestNG.run(IDEARemoteTestNG.java:66)\r\n\tat com.intellij.rt.testng.RemoteTestNGStarter.main(RemoteTestNGStarter.java:109)\r\nCaused by: java.lang.RuntimeException: [ERR] Error while reading the file D:\\source\\sdetpro-selenium-k10-webautomation/src/test/java/test_data/computer/StandardComputerDataList.json\r\n\tat test_data.DataObjectBuilder.buildDataObjectFrom(DataObjectBuilder.java:20)\r\n\tat test.computer.BuyingStandardComputerTest.computerData(BuyingStandardComputerTest.java:41)\r\n\tat java.base/jdk.internal.reflect.DirectMethodHandleAccessor.invoke(DirectMethodHandleAccessor.java:104)\r\n\tat java.base/java.lang.reflect.Method.invoke(Method.java:578)\r\n\tat org.testng.internal.invokers.MethodInvocationHelper.invokeMethod(MethodInvocationHelper.java:135)\r\n\tat org.testng.internal.invokers.MethodInvocationHelper.invokeMethod(MethodInvocationHelper.java:80)\r\n\tat org.testng.internal.invokers.MethodInvocationHelper.invokeMethodNoCheckedException(MethodInvocationHelper.java:49)\r\n\t... 24 more\r\n"},"stage":"finished","steps":[],"attachments":[],"parameters":[],"start":1670894585466,"stop":1670894585468}