{"uuid":"69bd23da-bbde-45e3-b516-d2215287ad2b","historyId":"c4438cb31b0183f4f3e062299508c06f","fullName":"test.computer.BuyingCheapComputerTest.testCheapComputerBuying","labels":[{"name":"package","value":"test.computer.BuyingCheapComputerTest"},{"name":"testClass","value":"test.computer.BuyingCheapComputerTest"},{"name":"testMethod","value":"testCheapComputerBuying"},{"name":"parentSuite","value":"Regression"},{"name":"suite","value":"BuyingCheapComputerTest"},{"name":"subSuite","value":"test.computer.BuyingCheapComputerTest"},{"name":"host","value":"MSI"},{"name":"thread","value":"12212@MSI.TestNG-tests-1(17)"},{"name":"framework","value":"testng"},{"name":"language","value":"java"}],"links":[],"name":"testCheapComputerBuying","status":"broken","statusDetails":{"known":false,"muted":false,"flaky":false,"message":"unexpected alert open: {Alert text : Failed to retrieve states.}\n  (Session info: chrome=108.0.5359.99): Failed to retrieve states.\nBuild info: version: '4.3.0', revision: 'a4995e2c09*'\nSystem info: host: 'MSI', ip: '127.0.0.1', os.name: 'Windows 11', os.arch: 'amd64', os.version: '10.0', java.version: '1.8.0_333'\nDriver info: org.openqa.selenium.chrome.ChromeDriver\nCommand: [44eff4866b049fc9c9108f156a8c6c60, isElementDisplayed {id=bf18db25-7bad-4702-b7e9-89c09c725aa9}]\nCapabilities {acceptInsecureCerts: false, browserName: chrome, browserVersion: 108.0.5359.99, chrome: {chromedriverVersion: 108.0.5359.71 (1e0e3868ee06..., userDataDir: C:\\Users\\Admin\\AppData\\Loca...}, goog:chromeOptions: {debuggerAddress: localhost:49902}, networkConnectionEnabled: false, pageLoadStrategy: normal, platformName: WINDOWS, proxy: Proxy(), se:cdp: ws://localhost:49902/devtoo..., se:cdpVersion: 108.0.5359.99, setWindowRect: true, strictFileInteractability: false, timeouts: {implicit: 0, pageLoad: 300000, script: 30000}, unhandledPromptBehavior: dismiss and notify, webauthn:extension:credBlob: true, webauthn:extension:largeBlob: true, webauthn:virtualAuthenticators: true}\nElement: [[[[[[ChromeDriver: chrome on WINDOWS (44eff4866b049fc9c9108f156a8c6c60)] -> tag name: html]] -> css selector: #opc-billing]] -> id: states-loading-progress]\nSession ID: 44eff4866b049fc9c9108f156a8c6c60","trace":"org.openqa.selenium.UnhandledAlertException: unexpected alert open: {Alert text : Failed to retrieve states.}\n  (Session info: chrome=108.0.5359.99): Failed to retrieve states.\nBuild info: version: '4.3.0', revision: 'a4995e2c09*'\nSystem info: host: 'MSI', ip: '127.0.0.1', os.name: 'Windows 11', os.arch: 'amd64', os.version: '10.0', java.version: '1.8.0_333'\nDriver info: org.openqa.selenium.chrome.ChromeDriver\nCommand: [44eff4866b049fc9c9108f156a8c6c60, isElementDisplayed {id=bf18db25-7bad-4702-b7e9-89c09c725aa9}]\nCapabilities {acceptInsecureCerts: false, browserName: chrome, browserVersion: 108.0.5359.99, chrome: {chromedriverVersion: 108.0.5359.71 (1e0e3868ee06..., userDataDir: C:\\Users\\Admin\\AppData\\Loca...}, goog:chromeOptions: {debuggerAddress: localhost:49902}, networkConnectionEnabled: false, pageLoadStrategy: normal, platformName: WINDOWS, proxy: Proxy(), se:cdp: ws://localhost:49902/devtoo..., se:cdpVersion: 108.0.5359.99, setWindowRect: true, strictFileInteractability: false, timeouts: {implicit: 0, pageLoad: 300000, script: 30000}, unhandledPromptBehavior: dismiss and notify, webauthn:extension:credBlob: true, webauthn:extension:largeBlob: true, webauthn:virtualAuthenticators: true}\nElement: [[[[[[ChromeDriver: chrome on WINDOWS (44eff4866b049fc9c9108f156a8c6c60)] -> tag name: html]] -> css selector: #opc-billing]] -> id: states-loading-progress]\nSession ID: 44eff4866b049fc9c9108f156a8c6c60\r\n\tat org.openqa.selenium.remote.codec.w3c.W3CHttpResponseCodec.decode(W3CHttpResponseCodec.java:131)\r\n\tat org.openqa.selenium.remote.codec.w3c.W3CHttpResponseCodec.decode(W3CHttpResponseCodec.java:53)\r\n\tat org.openqa.selenium.remote.HttpCommandExecutor.execute(HttpCommandExecutor.java:184)\r\n\tat org.openqa.selenium.remote.service.DriverCommandExecutor.invokeExecute(DriverCommandExecutor.java:167)\r\n\tat org.openqa.selenium.remote.service.DriverCommandExecutor.execute(DriverCommandExecutor.java:142)\r\n\tat org.openqa.selenium.remote.RemoteWebDriver.execute(RemoteWebDriver.java:569)\r\n\tat org.openqa.selenium.remote.RemoteWebElement.execute(RemoteWebElement.java:257)\r\n\tat org.openqa.selenium.remote.RemoteWebElement.isDisplayed(RemoteWebElement.java:313)\r\n\tat org.openqa.selenium.support.ui.ExpectedConditions.isInvisible(ExpectedConditions.java:1389)\r\n\tat org.openqa.selenium.support.ui.ExpectedConditions.access$200(ExpectedConditions.java:40)\r\n\tat org.openqa.selenium.support.ui.ExpectedConditions$48.apply(ExpectedConditions.java:1377)\r\n\tat org.openqa.selenium.support.ui.ExpectedConditions$48.apply(ExpectedConditions.java:1373)\r\n\tat org.openqa.selenium.support.ui.FluentWait.until(FluentWait.java:208)\r\n\tat models.components.checkout.BillingAddressComponent.selectCountry(BillingAddressComponent.java:53)\r\n\tat test_flows.computer.OrderComputerFlow.inputBillingAddress(OrderComputerFlow.java:170)\r\n\tat test.computer.BuyingCheapComputerTest.testCheapComputerBuying(BuyingCheapComputerTest.java:29)\r\n\tat sun.reflect.NativeMethodAccessorImpl.invoke0(Native Method)\r\n\tat sun.reflect.NativeMethodAccessorImpl.invoke(NativeMethodAccessorImpl.java:62)\r\n\tat sun.reflect.DelegatingMethodAccessorImpl.invoke(DelegatingMethodAccessorImpl.java:43)\r\n\tat java.lang.reflect.Method.invoke(Method.java:498)\r\n\tat org.testng.internal.invokers.MethodInvocationHelper.invokeMethod(MethodInvocationHelper.java:135)\r\n\tat org.testng.internal.invokers.TestInvoker.invokeMethod(TestInvoker.java:673)\r\n\tat org.testng.internal.invokers.TestInvoker.invokeTestMethod(TestInvoker.java:220)\r\n\tat org.testng.internal.invokers.MethodRunner.runInSequence(MethodRunner.java:50)\r\n\tat org.testng.internal.invokers.TestInvoker$MethodInvocationAgent.invoke(TestInvoker.java:945)\r\n\tat org.testng.internal.invokers.TestInvoker.invokeTestMethods(TestInvoker.java:193)\r\n\tat org.testng.internal.invokers.TestMethodWorker.invokeTestMethods(TestMethodWorker.java:146)\r\n\tat org.testng.internal.invokers.TestMethodWorker.run(TestMethodWorker.java:128)\r\n\tat java.util.ArrayList.forEach(ArrayList.java:1259)\r\n\tat org.testng.TestRunner.privateRun(TestRunner.java:808)\r\n\tat org.testng.TestRunner.run(TestRunner.java:603)\r\n\tat org.testng.SuiteRunner.runTest(SuiteRunner.java:429)\r\n\tat org.testng.SuiteRunner.access$000(SuiteRunner.java:32)\r\n\tat org.testng.SuiteRunner$SuiteWorker.run(SuiteRunner.java:467)\r\n\tat org.testng.internal.thread.ThreadUtil.lambda$execute$0(ThreadUtil.java:58)\r\n\tat java.util.concurrent.FutureTask.run(FutureTask.java:266)\r\n\tat java.util.concurrent.ThreadPoolExecutor.runWorker(ThreadPoolExecutor.java:1149)\r\n\tat java.util.concurrent.ThreadPoolExecutor$Worker.run(ThreadPoolExecutor.java:624)\r\n\tat java.lang.Thread.run(Thread.java:750)\r\n"},"stage":"finished","steps":[{"name":"Build computer spec and add to cart","status":"passed","stage":"finished","steps":[{"name":"Select computer option with value Fast","status":"passed","stage":"finished","steps":[],"attachments":[],"parameters":[{"name":"type","value":"Fast"}],"start":1670899507644,"stop":1670899507708},{"name":"Select computer option with value 8 GB","status":"passed","stage":"finished","steps":[],"attachments":[],"parameters":[{"name":"type","value":"8 GB"}],"start":1670899507709,"stop":1670899507769},{"name":"Select HDD with value 320 GB","status":"passed","stage":"finished","steps":[{"name":"Select computer option with value 320 GB","status":"passed","stage":"finished","steps":[],"attachments":[],"parameters":[{"name":"type","value":"320 GB"}],"start":1670899507769,"stop":1670899507829}],"attachments":[],"parameters":[{"name":"type","value":"320 GB"}],"start":1670899507769,"stop":1670899507829}],"attachments":[],"parameters":[],"start":1670899507118,"stop":1670899510538},{"name":"Verify shopping cart","status":"passed","stage":"finished","steps":[],"attachments":[],"parameters":[],"start":1670899510538,"stop":1670899510933},{"name":"Agree TOS and checkout","status":"passed","stage":"finished","steps":[],"attachments":[],"parameters":[],"start":1670899510933,"stop":1670899513061},{"name":"Input Billing address","status":"broken","statusDetails":{"known":false,"muted":false,"flaky":false,"message":"unexpected alert open: {Alert text : Failed to retrieve states.}\n  (Session info: chrome=108.0.5359.99): Failed to retrieve states.\nBuild info: version: '4.3.0', revision: 'a4995e2c09*'\nSystem info: host: 'MSI', ip: '127.0.0.1', os.name: 'Windows 11', os.arch: 'amd64', os.version: '10.0', java.version: '1.8.0_333'\nDriver info: org.openqa.selenium.chrome.ChromeDriver\nCommand: [44eff4866b049fc9c9108f156a8c6c60, isElementDisplayed {id=bf18db25-7bad-4702-b7e9-89c09c725aa9}]\nCapabilities {acceptInsecureCerts: false, browserName: chrome, browserVersion: 108.0.5359.99, chrome: {chromedriverVersion: 108.0.5359.71 (1e0e3868ee06..., userDataDir: C:\\Users\\Admin\\AppData\\Loca...}, goog:chromeOptions: {debuggerAddress: localhost:49902}, networkConnectionEnabled: false, pageLoadStrategy: normal, platformName: WINDOWS, proxy: Proxy(), se:cdp: ws://localhost:49902/devtoo..., se:cdpVersion: 108.0.5359.99, setWindowRect: true, strictFileInteractability: false, timeouts: {implicit: 0, pageLoad: 300000, script: 30000}, unhandledPromptBehavior: dismiss and notify, webauthn:extension:credBlob: true, webauthn:extension:largeBlob: true, webauthn:virtualAuthenticators: true}\nElement: [[[[[[ChromeDriver: chrome on WINDOWS (44eff4866b049fc9c9108f156a8c6c60)] -> tag name: html]] -> css selector: #opc-billing]] -> id: states-loading-progress]\nSession ID: 44eff4866b049fc9c9108f156a8c6c60","trace":"org.openqa.selenium.UnhandledAlertException: unexpected alert open: {Alert text : Failed to retrieve states.}\n  (Session info: chrome=108.0.5359.99): Failed to retrieve states.\nBuild info: version: '4.3.0', revision: 'a4995e2c09*'\nSystem info: host: 'MSI', ip: '127.0.0.1', os.name: 'Windows 11', os.arch: 'amd64', os.version: '10.0', java.version: '1.8.0_333'\nDriver info: org.openqa.selenium.chrome.ChromeDriver\nCommand: [44eff4866b049fc9c9108f156a8c6c60, isElementDisplayed {id=bf18db25-7bad-4702-b7e9-89c09c725aa9}]\nCapabilities {acceptInsecureCerts: false, browserName: chrome, browserVersion: 108.0.5359.99, chrome: {chromedriverVersion: 108.0.5359.71 (1e0e3868ee06..., userDataDir: C:\\Users\\Admin\\AppData\\Loca...}, goog:chromeOptions: {debuggerAddress: localhost:49902}, networkConnectionEnabled: false, pageLoadStrategy: normal, platformName: WINDOWS, proxy: Proxy(), se:cdp: ws://localhost:49902/devtoo..., se:cdpVersion: 108.0.5359.99, setWindowRect: true, strictFileInteractability: false, timeouts: {implicit: 0, pageLoad: 300000, script: 30000}, unhandledPromptBehavior: dismiss and notify, webauthn:extension:credBlob: true, webauthn:extension:largeBlob: true, webauthn:virtualAuthenticators: true}\nElement: [[[[[[ChromeDriver: chrome on WINDOWS (44eff4866b049fc9c9108f156a8c6c60)] -> tag name: html]] -> css selector: #opc-billing]] -> id: states-loading-progress]\nSession ID: 44eff4866b049fc9c9108f156a8c6c60\r\n\tat org.openqa.selenium.remote.codec.w3c.W3CHttpResponseCodec.decode(W3CHttpResponseCodec.java:131)\r\n\tat org.openqa.selenium.remote.codec.w3c.W3CHttpResponseCodec.decode(W3CHttpResponseCodec.java:53)\r\n\tat org.openqa.selenium.remote.HttpCommandExecutor.execute(HttpCommandExecutor.java:184)\r\n\tat org.openqa.selenium.remote.service.DriverCommandExecutor.invokeExecute(DriverCommandExecutor.java:167)\r\n\tat org.openqa.selenium.remote.service.DriverCommandExecutor.execute(DriverCommandExecutor.java:142)\r\n\tat org.openqa.selenium.remote.RemoteWebDriver.execute(RemoteWebDriver.java:569)\r\n\tat org.openqa.selenium.remote.RemoteWebElement.execute(RemoteWebElement.java:257)\r\n\tat org.openqa.selenium.remote.RemoteWebElement.isDisplayed(RemoteWebElement.java:313)\r\n\tat org.openqa.selenium.support.ui.ExpectedConditions.isInvisible(ExpectedConditions.java:1389)\r\n\tat org.openqa.selenium.support.ui.ExpectedConditions.access$200(ExpectedConditions.java:40)\r\n\tat org.openqa.selenium.support.ui.ExpectedConditions$48.apply(ExpectedConditions.java:1377)\r\n\tat org.openqa.selenium.support.ui.ExpectedConditions$48.apply(ExpectedConditions.java:1373)\r\n\tat org.openqa.selenium.support.ui.FluentWait.until(FluentWait.java:208)\r\n\tat models.components.checkout.BillingAddressComponent.selectCountry(BillingAddressComponent.java:53)\r\n\tat test_flows.computer.OrderComputerFlow.inputBillingAddress(OrderComputerFlow.java:170)\r\n\tat test.computer.BuyingCheapComputerTest.testCheapComputerBuying(BuyingCheapComputerTest.java:29)\r\n\tat sun.reflect.NativeMethodAccessorImpl.invoke0(Native Method)\r\n\tat sun.reflect.NativeMethodAccessorImpl.invoke(NativeMethodAccessorImpl.java:62)\r\n\tat sun.reflect.DelegatingMethodAccessorImpl.invoke(DelegatingMethodAccessorImpl.java:43)\r\n\tat java.lang.reflect.Method.invoke(Method.java:498)\r\n\tat org.testng.internal.invokers.MethodInvocationHelper.invokeMethod(MethodInvocationHelper.java:135)\r\n\tat org.testng.internal.invokers.TestInvoker.invokeMethod(TestInvoker.java:673)\r\n\tat org.testng.internal.invokers.TestInvoker.invokeTestMethod(TestInvoker.java:220)\r\n\tat org.testng.internal.invokers.MethodRunner.runInSequence(MethodRunner.java:50)\r\n\tat org.testng.internal.invokers.TestInvoker$MethodInvocationAgent.invoke(TestInvoker.java:945)\r\n\tat org.testng.internal.invokers.TestInvoker.invokeTestMethods(TestInvoker.java:193)\r\n\tat org.testng.internal.invokers.TestMethodWorker.invokeTestMethods(TestMethodWorker.java:146)\r\n\tat org.testng.internal.invokers.TestMethodWorker.run(TestMethodWorker.java:128)\r\n\tat java.util.ArrayList.forEach(ArrayList.java:1259)\r\n\tat org.testng.TestRunner.privateRun(TestRunner.java:808)\r\n\tat org.testng.TestRunner.run(TestRunner.java:603)\r\n\tat org.testng.SuiteRunner.runTest(SuiteRunner.java:429)\r\n\tat org.testng.SuiteRunner.access$000(SuiteRunner.java:32)\r\n\tat org.testng.SuiteRunner$SuiteWorker.run(SuiteRunner.java:467)\r\n\tat org.testng.internal.thread.ThreadUtil.lambda$execute$0(ThreadUtil.java:58)\r\n\tat java.util.concurrent.FutureTask.run(FutureTask.java:266)\r\n\tat java.util.concurrent.ThreadPoolExecutor.runWorker(ThreadPoolExecutor.java:1149)\r\n\tat java.util.concurrent.ThreadPoolExecutor$Worker.run(ThreadPoolExecutor.java:624)\r\n\tat java.lang.Thread.run(Thread.java:750)\r\n"},"stage":"finished","steps":[],"attachments":[],"parameters":[],"start":1670899513061,"stop":1670899520130}],"attachments":[],"parameters":[{"name":"browser","value":"chrome"},{"name":"arg0","value":"ComputerData{processorType='Fast', ram='8 GB', os='null', hdd='320 GB', software='Image Viever'}"}],"start":1670899500004,"stop":1670899520134}