{"uuid":"69c4f363-3677-40a1-b19e-02c79fdb615a","historyId":"c7993ae6d8c0ec44a22288a5ce4709ba","fullName":"test.computer.BuyingCheapComputerTest.testCheapComputerBuying","labels":[{"name":"package","value":"test.computer.BuyingCheapComputerTest"},{"name":"testClass","value":"test.computer.BuyingCheapComputerTest"},{"name":"testMethod","value":"testCheapComputerBuying"},{"name":"parentSuite","value":"Regression"},{"name":"suite","value":"BuyingCheapComputerTest"},{"name":"subSuite","value":"test.computer.BuyingCheapComputerTest"},{"name":"host","value":"MSI"},{"name":"thread","value":"6548@MSI.TestNG-tests-1(13)"},{"name":"framework","value":"testng"},{"name":"language","value":"java"}],"links":[],"name":"testCheapComputerBuying","status":"broken","statusDetails":{"known":false,"muted":false,"flaky":false,"message":"[ERR] Error while reading the file D:\\source\\sdetpro-selenium-k10-webautomation/src/test/java/test_data/user/DefaultCheckoutUser.json","trace":"java.lang.RuntimeException: [ERR] Error while reading the file D:\\source\\sdetpro-selenium-k10-webautomation/src/test/java/test_data/user/DefaultCheckoutUser.json\r\n\tat test_data.DataObjectBuilder.buildDataObjectFrom(DataObjectBuilder.java:20)\r\n\tat test_flows.computer.OrderComputerFlow.inputBillingAddress(OrderComputerFlow.java:163)\r\n\tat test.computer.BuyingCheapComputerTest.testCheapComputerBuying(BuyingCheapComputerTest.java:29)\r\n\tat sun.reflect.NativeMethodAccessorImpl.invoke0(Native Method)\r\n\tat sun.reflect.NativeMethodAccessorImpl.invoke(NativeMethodAccessorImpl.java:62)\r\n\tat sun.reflect.DelegatingMethodAccessorImpl.invoke(DelegatingMethodAccessorImpl.java:43)\r\n\tat java.lang.reflect.Method.invoke(Method.java:498)\r\n\tat org.testng.internal.invokers.MethodInvocationHelper.invokeMethod(MethodInvocationHelper.java:135)\r\n\tat org.testng.internal.invokers.TestInvoker.invokeMethod(TestInvoker.java:673)\r\n\tat org.testng.internal.invokers.TestInvoker.invokeTestMethod(TestInvoker.java:220)\r\n\tat org.testng.internal.invokers.MethodRunner.runInSequence(MethodRunner.java:50)\r\n\tat org.testng.internal.invokers.TestInvoker$MethodInvocationAgent.invoke(TestInvoker.java:945)\r\n\tat org.testng.internal.invokers.TestInvoker.invokeTestMethods(TestInvoker.java:193)\r\n\tat org.testng.internal.invokers.TestMethodWorker.invokeTestMethods(TestMethodWorker.java:146)\r\n\tat org.testng.internal.invokers.TestMethodWorker.run(TestMethodWorker.java:128)\r\n\tat java.util.ArrayList.forEach(ArrayList.java:1259)\r\n\tat org.testng.TestRunner.privateRun(TestRunner.java:808)\r\n\tat org.testng.TestRunner.run(TestRunner.java:603)\r\n\tat org.testng.SuiteRunner.runTest(SuiteRunner.java:429)\r\n\tat org.testng.SuiteRunner.access$000(SuiteRunner.java:32)\r\n\tat org.testng.SuiteRunner$SuiteWorker.run(SuiteRunner.java:467)\r\n\tat org.testng.internal.thread.ThreadUtil.lambda$execute$0(ThreadUtil.java:58)\r\n\tat java.util.concurrent.FutureTask.run(FutureTask.java:266)\r\n\tat java.util.concurrent.ThreadPoolExecutor.runWorker(ThreadPoolExecutor.java:1149)\r\n\tat java.util.concurrent.ThreadPoolExecutor$Worker.run(ThreadPoolExecutor.java:624)\r\n\tat java.lang.Thread.run(Thread.java:750)\r\n"},"stage":"finished","steps":[{"name":"Build computer spec and add to cart","status":"passed","stage":"finished","steps":[{"name":"Select computer option with value Fast","status":"passed","stage":"finished","steps":[],"attachments":[],"parameters":[{"name":"type","value":"Fast"}],"start":1670895546344,"stop":1670895546403},{"name":"Select computer option with value 4 GB","status":"passed","stage":"finished","steps":[],"attachments":[],"parameters":[{"name":"type","value":"4 GB"}],"start":1670895546403,"stop":1670895546460},{"name":"Select HDD with value 400 GB","status":"passed","stage":"finished","steps":[{"name":"Select computer option with value 400 GB","status":"passed","stage":"finished","steps":[],"attachments":[],"parameters":[{"name":"type","value":"400 GB"}],"start":1670895546460,"stop":1670895546515}],"attachments":[],"parameters":[{"name":"type","value":"400 GB"}],"start":1670895546460,"stop":1670895546515}],"attachments":[],"parameters":[],"start":1670895546019,"stop":1670895549007},{"name":"Verify shopping cart","status":"passed","stage":"finished","steps":[],"attachments":[],"parameters":[],"start":1670895549007,"stop":1670895549418},{"name":"Agree TOS and checkout","status":"passed","stage":"finished","steps":[],"attachments":[],"parameters":[],"start":1670895549418,"stop":1670895551383},{"name":"Input Billing address","status":"broken","statusDetails":{"known":false,"muted":false,"flaky":false,"message":"[ERR] Error while reading the file D:\\source\\sdetpro-selenium-k10-webautomation/src/test/java/test_data/user/DefaultCheckoutUser.json","trace":"java.lang.RuntimeException: [ERR] Error while reading the file D:\\source\\sdetpro-selenium-k10-webautomation/src/test/java/test_data/user/DefaultCheckoutUser.json\r\n\tat test_data.DataObjectBuilder.buildDataObjectFrom(DataObjectBuilder.java:20)\r\n\tat test_flows.computer.OrderComputerFlow.inputBillingAddress(OrderComputerFlow.java:163)\r\n\tat test.computer.BuyingCheapComputerTest.testCheapComputerBuying(BuyingCheapComputerTest.java:29)\r\n\tat sun.reflect.NativeMethodAccessorImpl.invoke0(Native Method)\r\n\tat sun.reflect.NativeMethodAccessorImpl.invoke(NativeMethodAccessorImpl.java:62)\r\n\tat sun.reflect.DelegatingMethodAccessorImpl.invoke(DelegatingMethodAccessorImpl.java:43)\r\n\tat java.lang.reflect.Method.invoke(Method.java:498)\r\n\tat org.testng.internal.invokers.MethodInvocationHelper.invokeMethod(MethodInvocationHelper.java:135)\r\n\tat org.testng.internal.invokers.TestInvoker.invokeMethod(TestInvoker.java:673)\r\n\tat org.testng.internal.invokers.TestInvoker.invokeTestMethod(TestInvoker.java:220)\r\n\tat org.testng.internal.invokers.MethodRunner.runInSequence(MethodRunner.java:50)\r\n\tat org.testng.internal.invokers.TestInvoker$MethodInvocationAgent.invoke(TestInvoker.java:945)\r\n\tat org.testng.internal.invokers.TestInvoker.invokeTestMethods(TestInvoker.java:193)\r\n\tat org.testng.internal.invokers.TestMethodWorker.invokeTestMethods(TestMethodWorker.java:146)\r\n\tat org.testng.internal.invokers.TestMethodWorker.run(TestMethodWorker.java:128)\r\n\tat java.util.ArrayList.forEach(ArrayList.java:1259)\r\n\tat org.testng.TestRunner.privateRun(TestRunner.java:808)\r\n\tat org.testng.TestRunner.run(TestRunner.java:603)\r\n\tat org.testng.SuiteRunner.runTest(SuiteRunner.java:429)\r\n\tat org.testng.SuiteRunner.access$000(SuiteRunner.java:32)\r\n\tat org.testng.SuiteRunner$SuiteWorker.run(SuiteRunner.java:467)\r\n\tat org.testng.internal.thread.ThreadUtil.lambda$execute$0(ThreadUtil.java:58)\r\n\tat java.util.concurrent.FutureTask.run(FutureTask.java:266)\r\n\tat java.util.concurrent.ThreadPoolExecutor.runWorker(ThreadPoolExecutor.java:1149)\r\n\tat java.util.concurrent.ThreadPoolExecutor$Worker.run(ThreadPoolExecutor.java:624)\r\n\tat java.lang.Thread.run(Thread.java:750)\r\n"},"stage":"finished","steps":[],"attachments":[],"parameters":[],"start":1670895551384,"stop":1670895551384}],"attachments":[],"parameters":[{"name":"browser","value":"chrome"},{"name":"arg0","value":"ComputerData{processorType='Fast', ram='4 GB', os='null', hdd='400 GB', software='Office Suite'}"}],"start":1670895544833,"stop":1670895551384}