{"uuid":"c2d060b7-1b1c-4bde-a18f-845d0a000c6f","historyId":"414c0afd017b59d6bf6b5da0b77406da","fullName":"test.computer.BuyingCheapComputerTest.testCheapComputerBuying","labels":[{"name":"package","value":"test.computer.BuyingCheapComputerTest"},{"name":"testClass","value":"test.computer.BuyingCheapComputerTest"},{"name":"testMethod","value":"testCheapComputerBuying"},{"name":"parentSuite","value":"Regression"},{"name":"suite","value":"BuyingCheapComputerTest"},{"name":"subSuite","value":"test.computer.BuyingCheapComputerTest"},{"name":"host","value":"MSI"},{"name":"thread","value":"12700@MSI.TestNG-tests-1(17)"},{"name":"framework","value":"testng"},{"name":"language","value":"java"}],"links":[],"name":"testCheapComputerBuying","status":"broken","statusDetails":{"known":false,"muted":false,"flaky":false,"message":"[ERR] Error while reading the file D:\\source\\sdetpro-selenium-k10-webautomation/src/test/java/test_data/user/DefaultCheckoutUser.json","trace":"java.lang.RuntimeException: [ERR] Error while reading the file D:\\source\\sdetpro-selenium-k10-webautomation/src/test/java/test_data/user/DefaultCheckoutUser.json\r\n\tat test_data.DataObjectBuilder.buildDataObjectFrom(DataObjectBuilder.java:20)\r\n\tat test_flows.computer.OrderComputerFlow.inputBillingAddress(OrderComputerFlow.java:163)\r\n\tat test.computer.BuyingCheapComputerTest.testCheapComputerBuying(BuyingCheapComputerTest.java:29)\r\n\tat sun.reflect.NativeMethodAccessorImpl.invoke0(Native Method)\r\n\tat sun.reflect.NativeMethodAccessorImpl.invoke(NativeMethodAccessorImpl.java:62)\r\n\tat sun.reflect.DelegatingMethodAccessorImpl.invoke(DelegatingMethodAccessorImpl.java:43)\r\n\tat java.lang.reflect.Method.invoke(Method.java:498)\r\n\tat org.testng.internal.invokers.MethodInvocationHelper.invokeMethod(MethodInvocationHelper.java:135)\r\n\tat org.testng.internal.invokers.TestInvoker.invokeMethod(TestInvoker.java:673)\r\n\tat org.testng.internal.invokers.TestInvoker.invokeTestMethod(TestInvoker.java:220)\r\n\tat org.testng.internal.invokers.MethodRunner.runInSequence(MethodRunner.java:50)\r\n\tat org.testng.internal.invokers.TestInvoker$MethodInvocationAgent.invoke(TestInvoker.java:945)\r\n\tat org.testng.internal.invokers.TestInvoker.invokeTestMethods(TestInvoker.java:193)\r\n\tat org.testng.internal.invokers.TestMethodWorker.invokeTestMethods(TestMethodWorker.java:146)\r\n\tat org.testng.internal.invokers.TestMethodWorker.run(TestMethodWorker.java:128)\r\n\tat java.util.ArrayList.forEach(ArrayList.java:1259)\r\n\tat org.testng.TestRunner.privateRun(TestRunner.java:808)\r\n\tat org.testng.TestRunner.run(TestRunner.java:603)\r\n\tat org.testng.SuiteRunner.runTest(SuiteRunner.java:429)\r\n\tat org.testng.SuiteRunner.access$000(SuiteRunner.java:32)\r\n\tat org.testng.SuiteRunner$SuiteWorker.run(SuiteRunner.java:467)\r\n\tat org.testng.internal.thread.ThreadUtil.lambda$execute$0(ThreadUtil.java:58)\r\n\tat java.util.concurrent.FutureTask.run(FutureTask.java:266)\r\n\tat java.util.concurrent.ThreadPoolExecutor.runWorker(ThreadPoolExecutor.java:1149)\r\n\tat java.util.concurrent.ThreadPoolExecutor$Worker.run(ThreadPoolExecutor.java:624)\r\n\tat java.lang.Thread.run(Thread.java:750)\r\n"},"stage":"finished","steps":[{"name":"Build computer spec and add to cart","status":"passed","stage":"finished","steps":[{"name":"Select computer option with value Fast","status":"passed","stage":"finished","steps":[],"attachments":[],"parameters":[{"name":"type","value":"Fast"}],"start":1670895475054,"stop":1670895475108},{"name":"Select computer option with value 2 GB","status":"passed","stage":"finished","steps":[],"attachments":[],"parameters":[{"name":"type","value":"2 GB"}],"start":1670895475108,"stop":1670895475163},{"name":"Select HDD with value 320 GB","status":"passed","stage":"finished","steps":[{"name":"Select computer option with value 320 GB","status":"passed","stage":"finished","steps":[],"attachments":[],"parameters":[{"name":"type","value":"320 GB"}],"start":1670895475163,"stop":1670895475215}],"attachments":[],"parameters":[{"name":"type","value":"320 GB"}],"start":1670895475163,"stop":1670895475215}],"attachments":[],"parameters":[],"start":1670895474699,"stop":1670895479014},{"name":"Verify shopping cart","status":"passed","stage":"finished","steps":[],"attachments":[],"parameters":[],"start":1670895479015,"stop":1670895479473},{"name":"Agree TOS and checkout","status":"passed","stage":"finished","steps":[],"attachments":[],"parameters":[],"start":1670895479473,"stop":1670895481816},{"name":"Input Billing address","status":"broken","statusDetails":{"known":false,"muted":false,"flaky":false,"message":"[ERR] Error while reading the file D:\\source\\sdetpro-selenium-k10-webautomation/src/test/java/test_data/user/DefaultCheckoutUser.json","trace":"java.lang.RuntimeException: [ERR] Error while reading the file D:\\source\\sdetpro-selenium-k10-webautomation/src/test/java/test_data/user/DefaultCheckoutUser.json\r\n\tat test_data.DataObjectBuilder.buildDataObjectFrom(DataObjectBuilder.java:20)\r\n\tat test_flows.computer.OrderComputerFlow.inputBillingAddress(OrderComputerFlow.java:163)\r\n\tat test.computer.BuyingCheapComputerTest.testCheapComputerBuying(BuyingCheapComputerTest.java:29)\r\n\tat sun.reflect.NativeMethodAccessorImpl.invoke0(Native Method)\r\n\tat sun.reflect.NativeMethodAccessorImpl.invoke(NativeMethodAccessorImpl.java:62)\r\n\tat sun.reflect.DelegatingMethodAccessorImpl.invoke(DelegatingMethodAccessorImpl.java:43)\r\n\tat java.lang.reflect.Method.invoke(Method.java:498)\r\n\tat org.testng.internal.invokers.MethodInvocationHelper.invokeMethod(MethodInvocationHelper.java:135)\r\n\tat org.testng.internal.invokers.TestInvoker.invokeMethod(TestInvoker.java:673)\r\n\tat org.testng.internal.invokers.TestInvoker.invokeTestMethod(TestInvoker.java:220)\r\n\tat org.testng.internal.invokers.MethodRunner.runInSequence(MethodRunner.java:50)\r\n\tat org.testng.internal.invokers.TestInvoker$MethodInvocationAgent.invoke(TestInvoker.java:945)\r\n\tat org.testng.internal.invokers.TestInvoker.invokeTestMethods(TestInvoker.java:193)\r\n\tat org.testng.internal.invokers.TestMethodWorker.invokeTestMethods(TestMethodWorker.java:146)\r\n\tat org.testng.internal.invokers.TestMethodWorker.run(TestMethodWorker.java:128)\r\n\tat java.util.ArrayList.forEach(ArrayList.java:1259)\r\n\tat org.testng.TestRunner.privateRun(TestRunner.java:808)\r\n\tat org.testng.TestRunner.run(TestRunner.java:603)\r\n\tat org.testng.SuiteRunner.runTest(SuiteRunner.java:429)\r\n\tat org.testng.SuiteRunner.access$000(SuiteRunner.java:32)\r\n\tat org.testng.SuiteRunner$SuiteWorker.run(SuiteRunner.java:467)\r\n\tat org.testng.internal.thread.ThreadUtil.lambda$execute$0(ThreadUtil.java:58)\r\n\tat java.util.concurrent.FutureTask.run(FutureTask.java:266)\r\n\tat java.util.concurrent.ThreadPoolExecutor.runWorker(ThreadPoolExecutor.java:1149)\r\n\tat java.util.concurrent.ThreadPoolExecutor$Worker.run(ThreadPoolExecutor.java:624)\r\n\tat java.lang.Thread.run(Thread.java:750)\r\n"},"stage":"finished","steps":[],"attachments":[],"parameters":[],"start":1670895481817,"stop":1670895481818}],"attachments":[],"parameters":[{"name":"browser","value":"chrome"},{"name":"arg0","value":"ComputerData{processorType='Fast', ram='2 GB', os='null', hdd='320 GB', software='Other Office Suite'}"}],"start":1670895473621,"stop":1670895481819}