{"uuid":"f6c45ba6-ccdb-408f-9c71-8d3d185c9b81","historyId":"9a374992b8c9ceefd4321be237d26db5","fullName":"test.computer.BuyingStandardComputerTest.testStandardBuying","labels":[{"name":"package","value":"test.computer.BuyingStandardComputerTest"},{"name":"testClass","value":"test.computer.BuyingStandardComputerTest"},{"name":"testMethod","value":"testStandardBuying"},{"name":"parentSuite","value":"Regression"},{"name":"suite","value":"BuyingStandardComputerTest"},{"name":"subSuite","value":"test.computer.BuyingStandardComputerTest"},{"name":"host","value":"MSI"},{"name":"thread","value":"12700@MSI.TestNG-tests-2(18)"},{"name":"framework","value":"testng"},{"name":"language","value":"java"}],"links":[],"name":"testStandardBuying","status":"broken","statusDetails":{"known":false,"muted":false,"flaky":false,"message":"[ERR] Error while reading the file D:\\source\\sdetpro-selenium-k10-webautomation/src/test/java/test_data/user/DefaultCheckoutUser.json","trace":"java.lang.RuntimeException: [ERR] Error while reading the file D:\\source\\sdetpro-selenium-k10-webautomation/src/test/java/test_data/user/DefaultCheckoutUser.json\r\n\tat test_data.DataObjectBuilder.buildDataObjectFrom(DataObjectBuilder.java:20)\r\n\tat test_flows.computer.OrderComputerFlow.inputBillingAddress(OrderComputerFlow.java:163)\r\n\tat test.computer.BuyingStandardComputerTest.testStandardBuying(BuyingStandardComputerTest.java:30)\r\n\tat sun.reflect.NativeMethodAccessorImpl.invoke0(Native Method)\r\n\tat sun.reflect.NativeMethodAccessorImpl.invoke(NativeMethodAccessorImpl.java:62)\r\n\tat sun.reflect.DelegatingMethodAccessorImpl.invoke(DelegatingMethodAccessorImpl.java:43)\r\n\tat java.lang.reflect.Method.invoke(Method.java:498)\r\n\tat org.testng.internal.invokers.MethodInvocationHelper.invokeMethod(MethodInvocationHelper.java:135)\r\n\tat org.testng.internal.invokers.TestInvoker.invokeMethod(TestInvoker.java:673)\r\n\tat org.testng.internal.invokers.TestInvoker.invokeTestMethod(TestInvoker.java:220)\r\n\tat org.testng.internal.invokers.MethodRunner.runInSequence(MethodRunner.java:50)\r\n\tat org.testng.internal.invokers.TestInvoker$MethodInvocationAgent.invoke(TestInvoker.java:945)\r\n\tat org.testng.internal.invokers.TestInvoker.invokeTestMethods(TestInvoker.java:193)\r\n\tat org.testng.internal.invokers.TestMethodWorker.invokeTestMethods(TestMethodWorker.java:146)\r\n\tat org.testng.internal.invokers.TestMethodWorker.run(TestMethodWorker.java:128)\r\n\tat java.util.ArrayList.forEach(ArrayList.java:1259)\r\n\tat org.testng.TestRunner.privateRun(TestRunner.java:808)\r\n\tat org.testng.TestRunner.run(TestRunner.java:603)\r\n\tat org.testng.SuiteRunner.runTest(SuiteRunner.java:429)\r\n\tat org.testng.SuiteRunner.access$000(SuiteRunner.java:32)\r\n\tat org.testng.SuiteRunner$SuiteWorker.run(SuiteRunner.java:467)\r\n\tat org.testng.internal.thread.ThreadUtil.lambda$execute$0(ThreadUtil.java:58)\r\n\tat java.util.concurrent.FutureTask.run(FutureTask.java:266)\r\n\tat java.util.concurrent.ThreadPoolExecutor.runWorker(ThreadPoolExecutor.java:1149)\r\n\tat java.util.concurrent.ThreadPoolExecutor$Worker.run(ThreadPoolExecutor.java:624)\r\n\tat java.lang.Thread.run(Thread.java:750)\r\n"},"stage":"finished","steps":[{"name":"Build computer spec and add to cart","status":"passed","stage":"finished","steps":[{"name":"Select Processor Type with value 2.2GHz","status":"passed","stage":"finished","steps":[],"attachments":[],"parameters":[{"name":"type","value":"2.2GHz"}],"start":1670895475498,"stop":1670895475592},{"name":"Select RAM Type with value 2GB","status":"passed","stage":"finished","steps":[],"attachments":[],"parameters":[{"name":"type","value":"2GB"}],"start":1670895475592,"stop":1670895475662},{"name":"Select HDD with value 320 GB","status":"passed","stage":"finished","steps":[{"name":"Select computer option with value 320 GB","status":"passed","stage":"finished","steps":[],"attachments":[],"parameters":[{"name":"type","value":"320 GB"}],"start":1670895475662,"stop":1670895475721}],"attachments":[],"parameters":[{"name":"type","value":"320 GB"}],"start":1670895475662,"stop":1670895475721},{"name":"Select OS with value Windows 10","status":"passed","stage":"finished","steps":[{"name":"Select computer option with value Windows 10","status":"passed","stage":"finished","steps":[],"attachments":[],"parameters":[{"name":"type","value":"Windows 10"}],"start":1670895475722,"stop":1670895475779}],"attachments":[],"parameters":[{"name":"type","value":"Windows 10"}],"start":1670895475722,"stop":1670895475779}],"attachments":[],"parameters":[],"start":1670895475242,"stop":1670895478663},{"name":"Verify shopping cart","status":"passed","stage":"finished","steps":[],"attachments":[],"parameters":[],"start":1670895478663,"stop":1670895479139},{"name":"Agree TOS and checkout","status":"passed","stage":"finished","steps":[],"attachments":[],"parameters":[],"start":1670895479140,"stop":1670895481552},{"name":"Input Billing address","status":"broken","statusDetails":{"known":false,"muted":false,"flaky":false,"message":"[ERR] Error while reading the file D:\\source\\sdetpro-selenium-k10-webautomation/src/test/java/test_data/user/DefaultCheckoutUser.json","trace":"java.lang.RuntimeException: [ERR] Error while reading the file D:\\source\\sdetpro-selenium-k10-webautomation/src/test/java/test_data/user/DefaultCheckoutUser.json\r\n\tat test_data.DataObjectBuilder.buildDataObjectFrom(DataObjectBuilder.java:20)\r\n\tat test_flows.computer.OrderComputerFlow.inputBillingAddress(OrderComputerFlow.java:163)\r\n\tat test.computer.BuyingStandardComputerTest.testStandardBuying(BuyingStandardComputerTest.java:30)\r\n\tat sun.reflect.NativeMethodAccessorImpl.invoke0(Native Method)\r\n\tat sun.reflect.NativeMethodAccessorImpl.invoke(NativeMethodAccessorImpl.java:62)\r\n\tat sun.reflect.DelegatingMethodAccessorImpl.invoke(DelegatingMethodAccessorImpl.java:43)\r\n\tat java.lang.reflect.Method.invoke(Method.java:498)\r\n\tat org.testng.internal.invokers.MethodInvocationHelper.invokeMethod(MethodInvocationHelper.java:135)\r\n\tat org.testng.internal.invokers.TestInvoker.invokeMethod(TestInvoker.java:673)\r\n\tat org.testng.internal.invokers.TestInvoker.invokeTestMethod(TestInvoker.java:220)\r\n\tat org.testng.internal.invokers.MethodRunner.runInSequence(MethodRunner.java:50)\r\n\tat org.testng.internal.invokers.TestInvoker$MethodInvocationAgent.invoke(TestInvoker.java:945)\r\n\tat org.testng.internal.invokers.TestInvoker.invokeTestMethods(TestInvoker.java:193)\r\n\tat org.testng.internal.invokers.TestMethodWorker.invokeTestMethods(TestMethodWorker.java:146)\r\n\tat org.testng.internal.invokers.TestMethodWorker.run(TestMethodWorker.java:128)\r\n\tat java.util.ArrayList.forEach(ArrayList.java:1259)\r\n\tat org.testng.TestRunner.privateRun(TestRunner.java:808)\r\n\tat org.testng.TestRunner.run(TestRunner.java:603)\r\n\tat org.testng.SuiteRunner.runTest(SuiteRunner.java:429)\r\n\tat org.testng.SuiteRunner.access$000(SuiteRunner.java:32)\r\n\tat org.testng.SuiteRunner$SuiteWorker.run(SuiteRunner.java:467)\r\n\tat org.testng.internal.thread.ThreadUtil.lambda$execute$0(ThreadUtil.java:58)\r\n\tat java.util.concurrent.FutureTask.run(FutureTask.java:266)\r\n\tat java.util.concurrent.ThreadPoolExecutor.runWorker(ThreadPoolExecutor.java:1149)\r\n\tat java.util.concurrent.ThreadPoolExecutor$Worker.run(ThreadPoolExecutor.java:624)\r\n\tat java.lang.Thread.run(Thread.java:750)\r\n"},"stage":"finished","steps":[],"attachments":[],"parameters":[],"start":1670895481552,"stop":1670895481553}],"attachments":[],"parameters":[{"name":"browser","value":"chrome"},{"name":"arg0","value":"ComputerData{processorType='2.2GHz', ram='2GB', os='Windows 10', hdd='320 GB', software='Total Commander'}"}],"start":1670895474088,"stop":1670895481553}